1
12
[]
0 1326 1326
[]
0 1013 1013
[]
0 6 6
[]
0 6829 6829
[]
0 293 293
[]
0 27 27
[]
0 19 19
[]
0 13 13
[]
0 13 13
[]
0 11 11
[]
0 11 11
[]
0 13 13
[]
0 11 11
[]
0 9 9
[]
0 8 8
[]
0 10 10
[]
0 8 8
[]
0 8 8
[]
0 6 6
[]
0 8 8
[]
0 8 8
[]
0 8 8
[]
0 8 8
[]
0 8 8
[]
0 7 7
[]
0 7 7
[]
0 7 7
[]
0 6 6
[]
0 3540 3540
[]
0 13509 13509
[]
0 5044 5044
[]
0 113 113
[]
0 61 61
[]
0 40 40
[]
0 47 47
[]
0 53 53
[]
0 48 48
[]
0 20 20
[]
0 26 26
[]
0 33 33
[]
0 23 23
[]
0 18 18
[]
0 21 21
[]
0 22 22
[]
0 20 20
[]
0 22 22
[]
0 11 11
[]
0 12 12
[]
0 11 11
[]
0 17 17
[]
0 11 11
[]
0 16 16
[]
0 14 14
[]
0 20 20
[]
0 16 16
[]
0 11 11
[]
0 16 16
[]
0 15 15
[]
0 17 17
[]
0 14 14
[]
0 9 9
[]
0 12 12
[]
0 15 15
[]
0 8 8
[]
0 13 13
[]
0 14 14
[]
0 13 13
[]
0 15 15
[]
0 32 32
[]
0 7 7
[]
0 16 16
[]
0 13 13
[]
0 8 8
[]
0 16 16
[]
0 8 8
[]
0 12 12
[]
0 11 11
[]
0 10 10
[]
0 12 12
[]
0 10 10
[]
0 14 14
[]
0 9 9
[]
0 11 11
[]
0 11 11
[]
0 14 14
[]
0 6 6
[]
0 7 7
[]
0 11 11
[]
0 6 6
[]
0 12 12
[]
0 11 11
[]
0 10 10
[]
0 10 10
[]
0 9 9
[]
0 9 9
[]
0 8 8
[]
0 9 9
[]
0 8 8
[]
0 7 7
[]
0 9 9
[]
0 9 9
[]
0 8 8
[]
0 9 9
[]
0 11 11
[]
0 10 10
[]
0 9 9
[]
0 9 9
[]
0 9 9
[]
0 6 6
[]
0 10 10
[]
0 10 10
[]
0 9 9
[]
0 9 9
[]
0 10 10
[]
0 9 9
[]
0 7 7
[]
0 8 8
[]
0 8 8
[]
0 9 9
[]
0 9 9
[]
0 9 9
[]
0 9 9
[]
0 8 8
[]
0 9 9
[]
0 8 8
[]
0 6 6
[]
0 6 6
[]
0 6 6
[]
0 5 5
[]
0 5 5
[]
0 5 5
[]
0 4 4
[]
0 4905 4905
[]
0 15 15
[]
0 11 11
[]
0 10 10
[]
0 10 10
[]
0 8 8
[]
0 7122 7122
[]
0 136 136
[]
0 12 12
[]
0 16 16
[]
0 8 8
[]
0 9 9
[]
0 10 10
[]
0 512 512
[]
0 10 10
[]
0 45 45
[]
0 25 25
[]
0 11 11
[]
0 9 9
[]
0 5715 5715
[]
0 26 26
[]
0 19 19
[]
0 14 14
[]
0 10 10
[]
0 9 9
[]
0 8 8
[]
0 8 8
[]
0 7 7
[]
0 3459 3459
[]
0 114 114
[]
0 68 68
[]
0 48 48
[]
0 59 59
[]
0 43 43
[]
0 35 35
[]
0 63 63
[]
0 55 55
[]
0 35 35
[]
0 51 51
[]
0 26 26
[]
0 35 35
[]
0 34 34
[]
0 17 17
[]
0 19 19
[]
0 36 36
[]
0 26 26
[]
0 26 26
[]
0 20 20
[]
0 26 26
[]
0 26 26
[]
0 18 18
[]
0 43 43
[]
0 20 20
[]
0 17 17
[]
0 15 15
[]
0 22 22
[]
0 13 13
[]
0 16 16
[]
0 17 17
[]
0 40 40
[]
0 20 20
[]
0 28 28
[]
0 15 15
[]
0 20 20
[]
0 30 30
[]
0 12 12
[]
0 25 25
[]
0 21 21
[]
0 11 11
[]
0 15 15
[]
0 16 16
[]
0 16 16
[]
0 11 11
[]
0 9 9
[]
0 15 15
[]
0 16 16
[]
0 11 11
[]
0 12 12
[]
0 11 11
[]
0 17 17
[]
0 13 13
[]
0 14 14
[]
0 14 14
[]
0 9 9
[]
0 13 13
[]
0 13 13
[]
0 12 12
[]
0 11 11
[]
0 26 26
[]
0 11 11
[]
0 11 11
[]
0 8 8
[]
0 15 15
[]
0 9 9
[]
0 18 18
[]
0 27 27
[]
0 13 13
[]
0 10 10
[]
0 27 27
[]
0 9 9
[]
0 10 10
[]
0 14 14
[]
0 8 8
[]
0 8 8
[]
0 12 12
[]
0 7 7
[]
0 11 11
[]
0 21 21
[]
0 11 11
[]
0 9 9
[]
0 9 9
[]
0 11 11
[]
0 13 13
[]
0 10 10
[]
0 9 9
[]
0 9 9
[]
0 14 14
[]
0 7 7
[]
0 11 11
[]
0 12 12
[]
0 16 16
[]
0 16 16
[]
0 9 9
[]
0 31 31
[]
0 11 11
[]
0 12 12
[]
0 10 10
[]
0 9 9
[]
0 13 13
[]
0 12 12
[]
0 22 22
[]
0 12 12
[]
0 14 14
[]
0 8 8
[]
0 10 10
[]
0 9 9
[]
0 12 12
[]
0 11 11
[]
0 10 10
[]
0 9 9
[]
0 11 11
[]
0 11 11
[]
0 11 11
[]
0 21 21
[]
0 13 13
[]
0 10 10
[]
0 20 20
[]
0 10 10
[]
0 10 10
[]
0 8 8
[]
0 8 8
[]
0 8 8
[]
0 10 10
[]
0 6 6
[]
0 8 8
[]
0 9 9
[]
0 20 20
[]
0 7 7
[]
0 15 15
[]
0 7 7
[]
0 14 14
[]
0 7 7
[]
0 12 12
[]
0 16 16
[]
0 12 12
[]
0 16 16
[]
0 8 8
[]
0 7 7
[]
0 14 14
[]
0 12 12
[]
0 10 10
[]
0 8 8
[]
0 10 10
[]
0 11 11
[]
0 8 8
[]
0 10 10
[]
0 8 8
[]
0 10 10
[]
0 12 12
[]
0 9 9
[]
0 6 6
[]
0 10 10
[]
0 13 13
[]
0 9 9
[]
0 6 6
[]
0 10 10
[]
0 10 10
[]
0 11 11
[]
0 10 10
[]
0 9 9
[]
0 12 12
[]
0 20 20
[]
0 10 10
[]
0 8 8
[]
0 10 10
[]
0 9 9
[]
0 8 8
[]
0 8 8
[]
0 10 10
[]
0 9 9
[]
0 10 10
[]
0 9 9
[]
0 9 9
[]
0 8 8
[]
0 9 9
[]
0 10 10
[]
0 8 8
[]
0 9 9
[]
0 11 11
[]
0 8 8
[]
0 9 9
[]
0 10 10
[]
0 8 8
[]
0 10 10
[]
0 9 9
[]
0 8 8
[]
0 9 9
[]
0 9 9
[]
0 9 9
[]
0 10 10
[]
0 10 10
[]
0 6 6
[]
0 9 9
[]
0 6 6
[]
0 6 6
[]
0 6 6
[]
0 9 9
[]
0 8 8
[]
0 7 7
[]
0 9 9
[]
0 6 6
[]
0 6 6
[]
0 6 6
[]
0 9 9
[]
0 8 8
[]
0 6 6
[]
0 9 9
[]
0 9 9
[]
0 8 8
[]
0 7 7
[]
0 9 9
[]
0 8 8
[]
0 6 6
[]
0 7 7
[]
0 7 7
[]
0 8 8
[]
0 8 8
[]
0 7 7
[]
0 6 6
[]
0 8 8
[]
0 5 5
[]
0 5 5
[]
0 5 5
[]
0 5 5
[]
0 5 5
[]
0 7 7
[]
0 5 5
[]
0 5 5
[]
0 5 5
[]
0 10 10
[]
0 5 5
[]
0 10 10
[]
0 5 5
[]
0 7 7
[]
0 7 7
[]
0 5 5
[]
0 5 5
[]
0 10 10
[]
0 8 8
[]
0 12 12
[]
0 5 5
[]
0 7 7
[]
0 5 5
[]
0 5 5
[]
0 8 8
[]
0 7 7
[]
0 5 5
[]
0 5 5
[]
0 5 5
[]
0 5 5
[]
0 12 12
[]
0 5 5
[]
0 8 8
[]
0 8 8
[]
0 9 9
[]
0 8 8
[]
0 5 5
[]
0 8 8
[]
0 7 7
[]
0 4 4
[]
0 4 4
[]
0 4 4
[]
0 4 4
[]
0 4 4
[]
0 4 4
[]
0 4 4
[]
0 8 8
[]
0 7 7
[]
0 4 4
[]
0 7312 7312
[]
0 5719 5719
[]
0 226 226
[]
0 120 120
[]
0 30 30
[]
0 96 96
[]
0 44 44
[]
0 35 35
[]
0 29 29
[]
0 43 43
[]
0 23 23
[]
0 39 39
[]
0 35 35
[]
0 27 27
[]
0 26 26
[]
0 29 29
[]
0 26 26
[]
0 27 27
[]
0 40 40
[]
0 25 25
[]
0 25 25
[]
0 23 23
[]
0 13 13
[]
0 12 12
[]
0 22 22
[]
0 21 21
[]
0 12 12
[]
0 25 25
[]
0 14 14
[]
0 14 14
[]
0 12 12
[]
0 17 17
[]
0 19 19
[]
0 14 14
[]
0 16 16
[]
0 13 13
[]
0 15 15
[]
0 11 11
[]
0 26 26
[]
0 12 12
[]
0 11 11
[]
0 12 12
[]
0 9 9
[]
0 10 10
[]
0 10 10
[]
0 18 18
[]
0 10 10
[]
0 20 20
[]
0 9 9
[]
0 12 12
[]
0 8 8
[]
0 12 12
[]
0 13 13
[]
0 8 8
[]
0 8 8
[]
0 10 10
[]
0 15 15
[]
0 11 11
[]
0 13 13
[]
0 12 12
[]
0 15 15
[]
0 14 14
[]
0 14 14
[]
0 16 16
[]
0 9 9
[]
0 8 8
[]
0 13 13
[]
0 9 9
[]
0 8 8
[]
0 7 7
[]
0 13 13
[]
0 8 8
[]
0 7 7
[]
0 12 12
[]
0 9 9
[]
0 9 9
[]
0 8 8
[]
0 10 10
[]
0 12 12
[]
0 9 9
[]
0 9 9
[]
0 7 7
[]
0 7 7
[]
0 5 5
[]
0 8 8
[]
0 10 10
[]
0 9 9
[]
0 10 10
[]
0 5 5
[]
0 7 7
[]
0 11 11
[]
0 6 6
[]
0 8 8
[]
0 9 9
[]
0 6 6
[]
0 9 9
[]
0 8 8
[]
0 10 10
[]
0 6 6
[]
0 9 9
[]
0 9 9
[]
0 7 7
[]
0 10 10
[]
0 8 8
[]
0 11 11
[]
0 7 7
[]
0 8 8
[]
0 11 11
[]
0 9 9
[]
0 9 9
[]
0 6 6
[]
0 7 7
[]
0 7 7
[]
0 9 9
[]
0 9 9
[]
0 8 8
[]
0 10 10
[]
0 10 10
[]
0 11 11
[]
0 10 10
[]
0 7 7
[]
0 10 10
[]
0 8 8
[]
0 10 10
[]
0 7 7
[]
0 11 11
[]
0 4 4
[]
0 9 9
[]
0 8 8
[]
0 10 10
[]
0 10 10
[]
0 9 9
[]
0 7 7
[]
0 6 6
[]
0 9 9
[]
0 6 6
[]
0 7 7
[]
0 10 10
[]
0 6 6
[]
0 11 11
[]
0 7 7
[]
0 7 7
[]
0 7 7
[]
0 6 6
[]
0 10 10
[]
0 5 5
[]
0 10 10
[]
0 6 6
[]
0 7 7
[]
0 6 6
[]
0 6 6
[]
0 6 6
[]
0 7 7
[]
0 6 6
[]
0 6 6
[]
0 8 8
[]
0 6 6
[]
0 9 9
[]
0 5 5
[]
0 8 8
[]
0 6 6
[]
0 6 6
[]
0 7 7
[]
0 9 9
[]
0 7 7
[]
0 6 6
[]
0 6 6
[]
0 7 7
[]
0 6 6
[]
0 6 6
[]
0 6 6
[]
0 6 6
[]
0 7 7
[]
0 6 6
[]
0 7 7
[]
0 10 10
[]
0 6 6
[]
0 6 6
[]
0 6 6
[]
0 6 6
[]
0 7 7
[]
0 6 6
[]
0 6 6
[]
0 8 8
[]
0 5 5
[]
0 5 5
[]
0 5 5
[]
0 5 5
[]
0 6 6
[]
0 6 6
[]
0 5 5
[]
0 9 9
[]
0 6 6
[]
0 8 8
[]
0 6 6
[]
0 6 6
[]
0 6 6
[]
0 6 6
[]
0 5 5
[]
0 4544 4544
[]
0 6801 6801
[]
0 31 31
[]
0 28 28
[]
0 29 29
[]
0 31 31
[]
0 29 29
[]
0 21 21
[]
0 20 20
[]
0 23 23
[]
0 15 15
[]
0 11 11
[]
0 24 24
[]
0 16 16
[]
0 21 21
[]
0 18 18
[]
0 17 17
[]
0 20 20
[]
0 21 21
[]
0 23 23
[]
0 17 17
[]
0 16 16
[]
0 17 17
[]
0 13 13
[]
0 17 17
[]
0 24 24
[]
0 18 18
[]
0 15 15
[]
0 14 14
[]
0 17 17
[]
0 13 13
[]
0 13 13
[]
0 11 11
[]
0 9 9
[]
0 11 11
[]
0 13 13
[]
0 18 18
[]
0 13 13
[]
0 11 11
[]
0 14 14
[]
0 11 11
[]
0 17 17
[]
0 16 16
[]
0 14 14
[]
0 10 10
[]
0 13 13
[]
0 12 12
[]
0 12 12
[]
0 12 12
[]
0 13 13
[]
0 11 11
[]
0 12 12
[]
0 11 11
[]
0 17 17
[]
0 8 8
[]
0 9 9
[]
0 9 9
[]
0 11 11
[]
0 12 12
[]
0 18 18
[]
0 12 12
[]
0 10 10
[]
0 13 13
[]
0 9 9
[]
0 12 12
[]
0 7 7
[]
0 11 11
[]
0 9 9
[]
0 11 11
[]
0 8 8
[]
0 10 10
[]
0 11 11
[]
0 8 8
[]
0 8 8
[]
0 10 10
[]
0 10 10
[]
0 10 10
[]
0 8 8
[]
0 11 11
[]
0 9 9
[]
0 9 9
[]
0 14 14
[]
0 10 10
[]
0 7 7
[]
0 12 12
[]
0 10 10
[]
0 12 12
[]
0 10 10
[]
0 9 9
[]
0 8 8
[]
0 12 12
[]
0 10 10
[]
0 11 11
[]
0 11 11
[]
0 11 11
[]
0 11 11
[]
0 9 9
[]
0 8 8
[]
0 13 13
[]
0 9 9
[]
0 9 9
[]
0 8 8
[]
0 7 7
[]
0 10 10
[]
0 9 9
[]
0 10 10
[]
0 9 9
[]
0 11 11
[]
0 9 9
[]
0 7 7
[]
0 8 8
[]
0 6 6
[]
0 5 5
[]
0 5 5
[]
0 5 5
[]
0 6 6
[]
0 4 4
[]
0 4 4
[]
0 5856 5856
[]
0 6949 6949
[]
0 6227 6227
[]
0 7312 7312
[]
0 154 154
[]
0 81 81
[]
0 75 75
[]
0 69 69
[]
0 75 75
[]
0 18 18
[]
0 47 47
[]
0 102 102
[]
0 79 79
[]
0 50 50
[]
0 14 14
[]
0 15 15
[]
0 55 55
[]
0 46 46
[]
0 17 17
[]
0 14 14
[]
0 34 34
[]
0 33 33
[]
0 20 20
[]
0 25 25
[]
0 22 22
[]
0 21 21
[]
0 26 26
[]
0 13 13
[]
0 18 18
[]
0 21 21
[]
0 17 17
[]
0 18 18
[]
0 17 17
[]
0 15 15
[]
0 21 21
[]
0 20 20
[]
0 18 18
[]
0 18 18
[]
0 16 16
[]
0 16 16
[]
0 14 14
[]
0 19 19
[]
0 11 11
[]
0 18 18
[]
0 5 5
[]
0 11 11
[]
0 11 11
[]
0 16 16
[]
0 14 14
[]
0 14 14
[]
0 14 14
[]
0 11 11
[]
0 14 14
[]
0 11 11
[]
0 12 12
[]
0 12 12
[]
0 11 11
[]
0 10 10
[]
0 13 13
[]
0 13 13
[]
0 14 14
[]
0 10 10
[]
0 10 10
[]
0 9 9
[]
0 12 12
[]
0 11 11
[]
0 11 11
[]
0 16 16
[]
0 9 9
[]
0 14 14
[]
0 9 9
[]
0 10 10
[]
0 11 11
[]
0 11 11
[]
0 11 11
[]
0 9 9
[]
0 9 9
[]
0 10 10
[]
0 8 8
[]
0 9 9
[]
0 11 11
[]
0 9 9
[]
0 11 11
[]
0 9 9
[]
0 9 9
[]
0 11 11
[]
0 7 7
[]
0 11 11
[]
0 9 9
[]
0 8 8
[]
0 9 9
[]
0 9 9
[]
0 12 12
[]
0 9 9
[]
0 7 7
[]
0 8 8
[]
0 24 24
[]
0 9 9
[]
0 9 9
[]
0 8 8
[]
0 7 7
[]
0 8 8
[]
0 7 7
[]
0 13 13
[]
0 7 7
[]
0 5 5
[]
0 12 12
[]
0 10 10
[]
0 14 14
[]
0 11 11
[]
0 8 8
[]
0 9 9
[]
0 5 5
[]
0 9 9
[]
0 6 6
[]
0 8 8
[]
0 10 10
[]
0 7 7
[]
0 8 8
[]
0 7 7
[]
0 9 9
[]
0 7 7
[]
0 10 10
[]
0 8 8
[]
0 7 7
[]
0 7 7
[]
0 7 7
[]
0 8 8
[]
0 9 9
[]
0 9 9
[]
0 7 7
[]
0 9 9
[]
0 9 9
[]
0 7 7
[]
0 7 7
[]
0 7 7
[]
0 6 6
[]
0 8 8
[]
0 8 8
[]
0 6 6
[]
0 6 6
[]
0 5 5
[]
0 10 10
[]
0 9 9
[]
0 9 9
[]
0 9 9
[]
0 4 4
[]
0 10 10
[]
0 10 10
[]
0 9 9
[]
0 9 9
[]
0 9 9
[]
0 7 7
[]
0 9 9
[]
0 9 9
[]
0 9 9
[]
0 8 8
[]
0 8 8
[]
0 7 7
[]
0 7 7
[]
0 6 6
[]
0 10 10
[]
0 9 9
[]
0 8 8
[]
0 9 9
[]
0 9 9
[]
0 9 9
[]
0 9 9
[]
0 5 5
[]
0 10 10
[]
0 8 8
[]
0 8 8
[]
0 9 9
[]
0 9 9
[]
0 8 8
[]
0 9 9
[]
0 9 9
[]
0 8 8
[]
0 9 9
[]
0 9 9
[]
0 8 8
[]
0 8 8
[]
0 8 8
[]
0 9 9
[]
0 9 9
[]
0 9 9
[]
0 10 10
[]
0 8 8
[]
0 10 10
[]
0 10 10
[]
0 8 8
[]
0 8 8
[]
0 8 8
[]
0 6 6
[]
0 9 9
[]
0 10 10
[]
0 8 8
[]
0 8 8
[]
0 9 9
[]
0 8 8
[]
0 8 8
[]
0 9 9
[]
0 9 9
[]
0 9 9
[]
0 9 9
[]
0 7 7
[]
0 8 8
[]
0 8 8
[]
0 7 7
[]
0 8 8
[]
0 9 9
[]
0 8 8
[]
0 5 5
[]
0 5926 5926
[]
0 30 30
[]
0 20 20
[]
0 21 21
[]
0 33 33
[]
0 10 10
[]
0 6 6
[]
0 11 11
[]
0 7 7
[]
0 6 6
[]
0 1379 1379
[]
0 133 133
[]
0 50 50
[]
0 39 39
[]
0 18 18
[]
0 25 25
[]
0 64 64
[]
0 16 16
[]
0 23 23
[]
0 16 16
[]
0 59 59
[]
0 36 36
[]
0 34 34
[]
0 38 38
[]
0 76 76
[]
0 19 19
[]
0 81 81
[]
0 18 18
[]
0 15 15
[]
0 12 12
[]
0 29 29
[]
0 13 13
[]
0 27 27
[]
0 19 19
[]
0 30 30
[]
0 37 37
[]
0 44 44
[]
0 15 15
[]
0 13 13
[]
0 36 36
[]
0 13 13
[]
0 21 21
[]
0 13 13
[]
0 40 40
[]
0 33 33
[]
0 23 23
[]
0 12 12
[]
0 10 10
[]
0 23 23
[]
0 20 20
[]
0 8 8
[]
0 14 14
[]
0 58 58
[]
0 14 14
[]
0 31 31
[]
0 10 10
[]
0 29 29
[]
0 21 21
[]
0 25 25
[]
0 11 11
[]
0 11 11
[]
0 15 15
[]
0 15 15
[]
0 32 32
[]
0 9 9
[]
0 37 37
[]
0 24 24
[]
0 32 32
[]
0 10 10
[]
0 10 10
[]
0 9 9
[]
0 10 10
[]
0 11 11
[]
0 20 20
[]
0 10 10
[]
0 28 28
[]
0 11 11
[]
0 14 14
[]
0 14 14
[]
0 10 10
[]
0 21 21
[]
0 9 9
[]
0 9 9
[]
0 12 12
[]
0 21 21
[]
0 11 11
[]
0 15 15
[]
0 14 14
[]
0 11 11
[]
0 30 30
[]
0 8 8
[]
0 23 23
[]
0 14 14
[]
0 14 14
[]
0 8 8
[]
0 12 12
[]
0 39 39
[]
0 11 11
[]
0 12 12
[]
0 21 21
[]
0 17 17
[]
0 11 11
[]
0 22 22
[]
0 29 29
[]
0 8 8
[]
0 13 13
[]
0 11 11
[]
0 13 13
[]
0 20 20
[]
0 8 8
[]
0 16 16
[]
0 11 11
[]
0 12 12
[]
0 12 12
[]
0 23 23
[]
0 8 8
[]
0 8 8
[]
0 23 23
[]
0 12 12
[]
0 13 13
[]
0 7 7
[]
0 8 8
[]
0 13 13
[]
0 11 11
[]
0 19 19
[]
0 24 24
[]
0 8 8
[]
0 8 8
[]
0 10 10
[]
0 27 27
[]
0 10 10
[]
0 13 13
[]
0 11 11
[]
0 11 11
[]
0 7 7
[]
0 12 12
[]
0 10 10
[]
0 7 7
[]
0 16 16
[]
0 17 17
[]
0 13 13
[]
0 10 10
[]
0 13 13
[]
0 8 8
[]
0 15 15
[]
0 9 9
[]
0 13 13
[]
0 10 10
[]
0 13 13
[]
0 10 10
[]
0 7 7
[]
0 12 12
[]
0 18 18
[]
0 15 15
[]
0 10 10
[]
0 9 9
[]
0 9 9
[]
0 8 8
[]
0 16 16
[]
0 28 28
[]
0 16 16
[]
0 7 7
[]
0 19 19
[]
0 11 11
[]
0 18 18
[]
0 12 12
[]
0 8 8
[]
0 10 10
[]
0 18 18
[]
0 15 15
[]
0 7 7
[]
0 17 17
[]
0 9 9
[]
0 6 6
[]
0 6 6
[]
0 6 6
[]
0 13 13
[]
0 13 13
[]
0 13 13
[]
0 16 16
[]
0 16 16
[]
0 13 13
[]
0 14 14
[]
0 14 14
[]
0 14 14
[]
0 14 14
[]
0 16 16
[]
0 14 14
[]
0 14 14
[]
0 9 9
[]
0 11 11
[]
0 14 14
[]
0 14 14
[]
0 13 13
[]
0 12 12
[]
0 12 12
[]
0 14 14
[]
0 11 11
[]
0 12 12
[]
0 11 11
[]
0 12 12
[]
0 10 10
[]
0 12 12
[]
0 13 13
[]
0 15 15
[]
0 11 11
[]
0 11 11
[]
0 15 15
[]
0 13 13
[]
0 10 10
[]
0 14 14
[]
0 12 12
[]
0 11 11
[]
0 12 12
[]
0 10 10
[]
0 10 10
[]
0 11 11
[]
0 8 8
[]
0 8 8
[]
0 9 9
[]
0 11 11
[]
0 10 10
[]
0 9 9
[]
0 12 12
[]
0 14 14
[]
0 10 10
[]
0 10 10
[]
0 7 7
[]
0 7 7
[]
0 10 10
[]
0 8 8
[]
0 9 9
[]
0 5 5
[]
0 8 8
[]
0 8 8
[]
0 8 8
[]
0 8 8
[]
0 9 9
[]
0 6 6
[]
0 5 5
[]
0 9 9
[]
0 8 8
[]
0 9 9
[]
0 7 7
[]
0 8 8
[]
0 7 7
[]
0 8 8
[]
0 9 9
[]
0 9 9
[]
0 10 10
[]
0 8 8
[]
0 10 10
[]
0 15 15
[]
0 8 8
[]
0 7 7
[]
0 8 8
[]
0 9 9
[]
0 7 7
[]
0 8 8
[]
0 10 10
[]
0 8 8
[]
0 8 8
[]
0 9 9
[]
0 9 9
[]
0 7 7
[]
0 8 8
[]
0 8 8
[]
0 22 22
[]
0 24 24
[]
0 28 28
[]
0 5519 5519
[]
0 10177 10177
[]
0 4800 4800
[]
0 25 25
[]
0 6841 6841
[]
0 9487 9487
[]
0 6384 6384
[]
0 15126 15126
[]
0 14136 14136
[]
0 4487 4487
[]
0 9586 9586
[]
0 894 894
[]
0 39 39
[]
0 20 20
[]
0 32 32
[]
0 28 28
[]
0 15 15
[]
0 21 21
[]
0 16 16
[]
0 20 20
[]
0 7 7
[]
0 15 15
[]
0 7 7
[]
0 17 17
[]
0 12 12
[]
0 11 11
[]
0 21 21
[]
0 12 12
[]
0 18 18
[]
0 22 22
[]
0 10 10
[]
0 18 18
[]
0 10 10
[]
0 9 9
[]
0 12 12
[]
0 20 20
[]
0 22 22
[]
0 19 19
[]
0 9 9
[]
0 10 10
[]
0 9 9
[]
0 16 16
[]
0 18 18
[]
0 10 10
[]
0 9 9
[]
0 7 7
[]
0 8 8
[]
0 8 8
[]
0 143 143
[]
0 46 46
[]
0 23 23
[]
0 17 17
[]
0 14 14
[]
0 12 12
[]
0 16 16
[]
0 13 13
[]
0 12 12
[]
0 9 9
[]
0 7 7
[]
0 6 6
[]
0 5 5
[]
0 9 9
[]
0 10 10
[]
0 9 9
[]
0 8 8
[]
0 8 8
[]
0 8 8
[]
0 8 8
[]
0 8 8
[]
0 8 8
[]
0 1522 1522
[]
0 426 426
[]
0 230 230
[]
0 129 129
[]
0 34 34
[]
0 46 46
[]
0 63 63
[]
0 45 45
[]
0 45 45
[]
0 28 28
[]
0 62 62
[]
0 36 36
[]
0 25 25
[]
0 17 17
[]
0 23 23
[]
0 19 19
[]
0 13 13
[]
0 32 32
[]
0 19 19
[]
0 21 21
[]
0 24 24
[]
0 24 24
[]
0 22 22
[]
0 23 23
[]
0 12 12
[]
0 27 27
[]
0 25 25
[]
0 15 15
[]
0 14 14
[]
0 15 15
[]
0 10 10
[]
0 13 13
[]
0 11 11
[]
0 12 12
[]
0 12 12
[]
0 16 16
[]
0 10 10
[]
0 12 12
[]
0 11 11
[]
0 8 8
[]
0 9 9
[]
0 9 9
[]
0 8 8
[]
0 11 11
[]
0 10 10
[]
0 9 9
[]
0 9 9
[]
0 9 9
[]
0 8 8
[]
0 8 8
[]
0 6 6
[]
0 8 8
[]
0 6 6
[]
0 8 8
[]
0 7 7
[]
0 8 8
[]
0 8 8
[]
0 8 8
[]
0 8 8
[]
0 6 6
[]
0 8 8
[]
0 9 9
[]
0 7 7
[]
0 8 8
[]
0 7 7
[]
0 82 82
[]
0 269 269
write file ./data-source/china_province.json.data.json
